#
# A fatal error has been detected by the Java Runtime Environment:
#
#  EXCEPTION_ACCESS_VIOLATION (0xc0000005) at pc=0x64fd1e80, pid=5128, tid=4200
#
# JRE version: 7.0_01-b08
# Java VM: Java HotSpot(TM) Client VM (21.1-b02 mixed mode windows-x86 )
# Problematic frame:
# C  [msvcr100.dll+0x1e80]
#
# Failed to write core dump. Minidumps are not enabled by default on client versions of Windows
#
# If you would like to submit a bug report, please visit:
#   http://bugreport.sun.com/bugreport/crash.jsp
#

---------------  T H R E A D  ---------------

Current thread (0x17997400):  JavaThread "C1 CompilerThread0" daemon [_thread_in_native, id=4200, stack(0x17d10000,0x17d60000)]

siginfo: ExceptionCode=0xc0000005, ExceptionInformation=0x00000008 0x64fd1e80

Registers:
EAX=0x19176418, EBX=0x00000004, ECX=0x00000000, EDX=0x00000000
ESP=0x17d5f3b8, EBP=0x17d5f3d8, ESI=0x19176418, EDI=0x191763f0
EIP=0x64fd1e80, EFLAGS=0x00010286

Top of Stack: (sp=0x17d5f3b8)
0x17d5f3b8:   651ecc2b 19176418 00000000 00000000
0x17d5f3c8:   00000010 19176400 00000000 191763f0
0x17d5f3d8:   17d5f400 652d9159 00000004 00000000
0x17d5f3e8:   191763f8 19148a10 17d5f4b8 17d5f67c
0x17d5f3f8:   17d5f4b8 17d5f464 17d5f464 652d92ac
0x17d5f408:   19148a10 17d5f4b8 19148a10 17d5f67c
0x17d5f418:   00000008 0018d00b 17d5f464 652d7424
0x17d5f428:   19176328 0018d00b 00000000 00000000 

Instructions: (pc=0x64fd1e80)
0x64fd1e60:   72 72 6f 72 00 90 90 90 90 90 90 90 90 90 90 90
0x64fd1e70:   90 90 90 90 90 90 90 90 90 90 90 90 90 90 90 90
0x64fd1e80:   55 8b ec 57 56 8b 75 0c 8b 4d 10 8b 7d 08 8b c1
0x64fd1e90:   8b d1 03 c6 3b fe 76 08 3b f8 0f 82 a0 01 00 00 


Register to memory mapping:

EAX=0x19176418 is an unknown value
EBX=0x00000004 is an unknown value
ECX=0x00000000 is an unknown value
EDX=0x00000000 is an unknown value
ESP=0x17d5f3b8 is pointing into the stack for thread: 0x17997400
EBP=0x17d5f3d8 is pointing into the stack for thread: 0x17997400
ESI=0x19176418 is an unknown value
EDI=0x191763f0 is an unknown value


Stack: [0x17d10000,0x17d60000],  sp=0x17d5f3b8,  free space=316k
Native frames: (J=compiled Java code, j=interpreted, Vv=VM code, C=native code)
C  [msvcr100.dll+0x1e80]  memcpy+0x0
V  [jvm.dll+0x249159]
V  [jvm.dll+0x2492ac]
V  [jvm.dll+0x23368e]
V  [jvm.dll+0x243daa]
V  [jvm.dll+0x233436]
V  [jvm.dll+0x225576]
V  [jvm.dll+0x225727]
V  [jvm.dll+0x2257da]
V  [jvm.dll+0x225937]
V  [jvm.dll+0x225bbd]
V  [jvm.dll+0x43795]
V  [jvm.dll+0x43bf4]
V  [jvm.dll+0x14433f]
V  [jvm.dll+0x171549]
C  [msvcr100.dll+0x5c6de]  endthreadex+0x3a
C  [msvcr100.dll+0x5c788]  endthreadex+0xe4
C  [kernel32.dll+0x4ed6c]  BaseThreadInitThunk+0x12
C  [ntdll.dll+0x6377b]  RtlInitializeExceptionChain+0xef
C  [ntdll.dll+0x6374e]  RtlInitializeExceptionChain+0xc2


Current CompileTask:
C1:   2666  413   !         sun.font.TrueTypeFont::init (424 bytes)


---------------  P R O C E S S  ---------------

Java Threads: ( => current thread )
  0x00169400 JavaThread "DestroyJavaVM" [_thread_blocked, id=7616, stack(0x01730000,0x01780000)]
  0x19138000 JavaThread "Thread-2" [_thread_in_Java, id=7336, stack(0x197f0000,0x19840000)]
  0x19071c00 JavaThread "MySQL Statement Cancellation Timer" daemon [_thread_blocked, id=476, stack(0x19760000,0x197b0000)]
  0x17b2f800 JavaThread "AWT-EventQueue-0" [_thread_in_Java, id=5216, stack(0x18040000,0x18090000)]
  0x17b22000 JavaThread "Image Fetcher 0" daemon [_thread_blocked, id=6604, stack(0x18890000,0x188e0000)]
  0x17a78000 JavaThread "AWT-Windows" daemon [_thread_in_native, id=5236, stack(0x18240000,0x18290000)]
  0x17a77800 JavaThread "AWT-Shutdown" [_thread_blocked, id=3760, stack(0x181d0000,0x18220000)]
  0x17a75000 JavaThread "Java2D Disposer" daemon [_thread_blocked, id=7756, stack(0x17fb0000,0x18000000)]
  0x1799e000 JavaThread "Service Thread" daemon [_thread_blocked, id=1488, stack(0x17f10000,0x17f60000)]
=>0x17997400 JavaThread "C1 CompilerThread0" daemon [_thread_in_native, id=4200, stack(0x17d10000,0x17d60000)]
  0x17992000 JavaThread "Attach Listener" daemon [_thread_blocked, id=5104, stack(0x17db0000,0x17e00000)]
  0x1798f000 JavaThread "Signal Dispatcher" daemon [_thread_blocked, id=5704, stack(0x17e30000,0x17e80000)]
  0x1793a800 JavaThread "Finalizer" daemon [_thread_blocked, id=4756, stack(0x17c80000,0x17cd0000)]
  0x17935400 JavaThread "Reference Handler" daemon [_thread_blocked, id=3368, stack(0x17c10000,0x17c60000)]

Other Threads:
  0x0192fc00 VMThread [stack: 0x17b90000,0x17be0000] [id=5304]
  0x179b7000 WatcherThread [stack: 0x180d0000,0x18120000] [id=7808]

VM state:not at safepoint (normal execution)

VM Mutex/Monitor currently owned by a thread: None

Heap
 def new generation   total 4928K, used 3019K [0x03930000, 0x03e80000, 0x08e80000)
  eden space 4416K,  62% used [0x03930000, 0x03be5c40, 0x03d80000)
  from space 512K,  48% used [0x03e00000, 0x03e3da40, 0x03e80000)
  to   space 512K,   0% used [0x03d80000, 0x03d80000, 0x03e00000)
 tenured generation   total 10944K, used 7747K [0x08e80000, 0x09930000, 0x13930000)
   the space 10944K,  70% used [0x08e80000, 0x09610fb0, 0x09611000, 0x09930000)
 compacting perm gen  total 12288K, used 9149K [0x13930000, 0x14530000, 0x17930000)
   the space 12288K,  74% used [0x13930000, 0x1421f740, 0x1421f800, 0x14530000)
No shared spaces configured.

Code Cache  [0x01930000, 0x01a38000, 0x03930000)
 total_blobs=644 nmethods=407 adapters=170 free_code_cache=31727Kb largest_free_block=32488128

Dynamic libraries:
0x012c0000 - 0x012ee000 	C:\Program Files\Java\jdk1.7.0_01\bin\java.exe
0x77490000 - 0x775cc000 	C:\Windows\SYSTEM32\ntdll.dll
0x76690000 - 0x76764000 	C:\Windows\system32\kernel32.dll
0x75050000 - 0x7509b000 	C:\Windows\system32\KERNELBASE.dll
0x750a0000 - 0x75140000 	C:\Windows\system32\ADVAPI32.dll
0x75350000 - 0x753fc000 	C:\Windows\system32\msvcrt.dll
0x76490000 - 0x764a9000 	C:\Windows\SYSTEM32\sechost.dll
0x76770000 - 0x76811000 	C:\Windows\system32\RPCRT4.dll
0x763c0000 - 0x76489000 	C:\Windows\system32\USER32.dll
0x76c10000 - 0x76c5e000 	C:\Windows\system32\GDI32.dll
0x764d0000 - 0x764da000 	C:\Windows\system32\LPK.dll
0x765f0000 - 0x7668d000 	C:\Windows\system32\USP10.dll
0x73aa0000 - 0x73c3e000 	C:\Windows\WinSxS\x86_microsoft.windows.common-controls_6595b64144ccf1df_6.0.7601.17514_none_41e6975e2bd6f2b2\COMCTL32.dll
0x76930000 - 0x76987000 	C:\Windows\system32\SHLWAPI.dll
0x764b0000 - 0x764cf000 	C:\Windows\system32\IMM32.DLL
0x76860000 - 0x7692c000 	C:\Windows\system32\MSCTF.dll
0x64fd0000 - 0x6508e000 	C:\Program Files\Java\jdk1.7.0_01\jre\bin\msvcr100.dll
0x65090000 - 0x653b1000 	C:\Program Files\Java\jdk1.7.0_01\jre\bin\client\jvm.dll
0x6f260000 - 0x6f267000 	C:\Windows\system32\WSOCK32.dll
0x76820000 - 0x76855000 	C:\Windows\system32\WS2_32.dll
0x763b0000 - 0x763b6000 	C:\Windows\system32\NSI.dll
0x72b90000 - 0x72bc2000 	C:\Windows\system32\WINMM.dll
0x75140000 - 0x75145000 	C:\Windows\system32\PSAPI.DLL
0x710e0000 - 0x710ec000 	C:\Program Files\Java\jdk1.7.0_01\jre\bin\verify.dll
0x69bb0000 - 0x69bd0000 	C:\Program Files\Java\jdk1.7.0_01\jre\bin\java.dll
0x70210000 - 0x70223000 	C:\Program Files\Java\jdk1.7.0_01\jre\bin\zip.dll
0x64e80000 - 0x64fc2000 	C:\Program Files\Java\jdk1.7.0_01\jre\bin\awt.dll
0x764e0000 - 0x7656f000 	C:\Windows\system32\OLEAUT32.dll
0x76ab0000 - 0x76c0c000 	C:\Windows\system32\ole32.dll
0x72ae0000 - 0x72af3000 	C:\Windows\system32\DWMAPI.DLL
0x72e50000 - 0x72e90000 	C:\Windows\system32\uxtheme.dll
0x017b0000 - 0x017c6000 	C:\Program Files\Start Menu X\StartMenuXHook32.dll
0x75400000 - 0x7604a000 	C:\Windows\system32\SHELL32.dll
0x17b30000 - 0x17b8e000 	C:\Users\Thuyen\AppData\Local\Temp\atwemb.dll
0x74d20000 - 0x74d2c000 	C:\Windows\system32\CRYPTBASE.dll
0x71010000 - 0x71036000 	C:\Program Files\Bkav\eDict\GetWordNT.dll
0x70810000 - 0x70815000 	C:\Windows\system32\MSIMG32.dll
0x709d0000 - 0x70abb000 	C:\Windows\system32\DBGHELP.dll
0x691a0000 - 0x691c5000 	C:\Program Files\Java\jdk1.7.0_01\jre\bin\jpeg.dll
0x69b50000 - 0x69b64000 	C:\Program Files\Java\jdk1.7.0_01\jre\bin\net.dll
0x74810000 - 0x7484c000 	C:\Windows\system32\mswsock.dll
0x74800000 - 0x74806000 	C:\Windows\System32\wship6.dll
0x710f0000 - 0x710ff000 	C:\Program Files\Java\jdk1.7.0_01\jre\bin\nio.dll
0x74330000 - 0x74335000 	C:\Windows\System32\wshtcpip.dll
0x746d0000 - 0x74714000 	C:\Windows\system32\DNSAPI.dll
0x739e0000 - 0x739fc000 	C:\Windows\system32\IPHLPAPI.DLL
0x739d0000 - 0x739d7000 	C:\Windows\system32\WINNSI.DLL
0x707e0000 - 0x707e6000 	C:\Windows\system32\rasadhlp.dll
0x73860000 - 0x73898000 	C:\Windows\System32\fwpuclnt.dll
0x69ae0000 - 0x69b0a000 	C:\Program Files\Java\jdk1.7.0_01\jre\bin\fontmanager.dll
0x76c60000 - 0x76ce3000 	C:\Windows\system32\CLBCatQ.DLL
0x729a0000 - 0x72a9b000 	C:\Windows\system32\WindowsCodecs.dll
0x74cd0000 - 0x74d1c000 	C:\Windows\system32\apphelp.dll
0x683e0000 - 0x68411000 	C:\Windows\system32\EhStorShell.dll
0x751b0000 - 0x7534d000 	C:\Windows\system32\SETUPAPI.dll
0x75020000 - 0x75047000 	C:\Windows\system32\CFGMGR32.dll
0x74f70000 - 0x74f82000 	C:\Windows\system32\DEVOBJ.dll
0x73f70000 - 0x74065000 	C:\Windows\system32\PROPSYS.dll
0x674e0000 - 0x678ea000 	C:\PROGRA~1\MICROS~1\Office14\GROOVEEX.DLL
0x72480000 - 0x72523000 	C:\Windows\WinSxS\x86_microsoft.vc90.crt_1fc8b3b9a1e18e3b_9.0.30729.4940_none_50916076bcb9a742\MSVCR90.dll
0x6ff90000 - 0x7001e000 	C:\Windows\WinSxS\x86_microsoft.vc90.crt_1fc8b3b9a1e18e3b_9.0.30729.4940_none_50916076bcb9a742\MSVCP90.dll
0x68430000 - 0x6845b000 	C:\Windows\WinSxS\x86_microsoft.vc90.atl_1fc8b3b9a1e18e3b_9.0.30729.4148_none_51ca66a2bbe76806\ATL90.DLL
0x678f0000 - 0x67cff000 	C:\PROGRA~1\COMMON~1\MICROS~1\OFFICE14\Cultures\office.odf
0x66c70000 - 0x674d4000 	C:\PROGRA~1\MICROS~1\Office14\1033\GrooveIntlResource.dll
0x68420000 - 0x68427000 	C:\Program Files\Internet Download Manager\IDMShellExt.dll
0x682f0000 - 0x6835a000 	C:\Windows\System32\cscui.dll
0x682e0000 - 0x682e9000 	C:\Windows\System32\CSCDLL.dll
0x6fdd0000 - 0x6fddb000 	C:\Windows\system32\CSCAPI.dll
0x68270000 - 0x682e0000 	C:\Windows\system32\ntshrui.dll
0x74af0000 - 0x74b09000 	C:\Windows\system32\srvcli.dll
0x73d50000 - 0x73d5a000 	C:\Windows\system32\slc.dll
0x669c0000 - 0x669f1000 	C:\Program Files\Java\jdk1.7.0_01\jre\bin\t2k.dll
0x1a700000 - 0x1a746000 	D:\PAC_Driver\PAC_FREE SETUP\FONTS & BO GO VN\unikey40RC2-1101-win32\UKHook40.dll
0x18bb0000 - 0x18bb8000 	C:\Program Files\Internet Download Manager\idmmkb.dll

VM Arguments:
jvm_args: -Dfile.encoding=UTF-8 
java_command: view.frame.Myframe
Launcher Type: SUN_STANDARD

Environment Variables:
PATH=C:\Windows\system32;C:\Windows;C:\Windows\System32\Wbem;C:\Windows\System32\WindowsPowerShell\v1.0\;C:\Users\Thuyen\AppData\Local\Smartbar\Application\;C:\Users\Thuyen\AppData\Local\Smartbar\Application\;C:\Users\Thuyen\AppData\Local\Smartbar\Application\
USERNAME=Thuyen
OS=Windows_NT
PROCESSOR_IDENTIFIER=x86 Family 6 Model 37 Stepping 5, GenuineIntel



---------------  S Y S T E M  ---------------

OS: Windows 7 Build 7601 Service Pack 1

CPU:total 4 (2 cores per cpu, 2 threads per core) family 6 model 37 stepping 5, cmov, cx8, fxsr, mmx, sse, sse2, sse3, ssse3, sse4.1, sse4.2, popcnt, ht

Memory: 4k page, physical 3068440k(1252120k free), swap 6135128k(3897444k free)

vm_info: Java HotSpot(TM) Client VM (21.1-b02) for windows-x86 JRE (1.7.0_01-b08), built on Oct  3 2011 02:11:36 by "java_re" with unknown MS VC++:1600

time: Sat Nov 03 13:46:03 2012
elapsed time: 2 seconds

